# JRE version: Java(TM) SE Runtime Environment (21.0.8+12) (build 21.0.8+12-LTS-250)
# Java VM: Java HotSpot(TM) 64-Bit Server VM (21.0.8+12-LTS-250, mixed mode, sharing, tiered, compressed oops, compressed class ptrs, parallel gc, windows-amd64)
GC Precious Log:
 CardTable entry size: 512
 CPUs: 12 total, 12 available
 Memory: 16177M
 Large Page Support: Disabled
 NUMA Support: Disabled
 Compressed Oops: Enabled (32-bit)
 Alignments: Space 512K, Generation 512K, Heap 2M
 Heap Min Capacity: 100M
 Heap Initial Capacity: 100M
 Heap Max Capacity: 2G
 Pre-touch: Disabled
 Parallel Workers: 10
Heap:
 PSYoungGen      total 5120K, used 982K [0x00000000d5580000, 0x00000000d5d80000, 0x0000000100000000)
  eden space 4096K, 8% used [0x00000000d5580000,0x00000000d55d58f0,0x00000000d5980000)
  from space 1024K, 62% used [0x00000000d5980000,0x00000000d5a20020,0x00000000d5a80000)
  to   space 2048K, 0% used [0x00000000d5b80000,0x00000000d5b80000,0x00000000d5d80000)
 ParOldGen       total 227328K, used 210272K [0x0000000080000000, 0x000000008de00000, 0x00000000d5580000)
  object space 227328K, 92% used [0x0000000080000000,0x000000008cd582c8,0x000000008de00000)
 Metaspace       used 81653K, committed 83136K, reserved 1179648K
  class space    used 8137K, committed 8832K, reserved 1048576K
GC Heap History (20 events):
Event: 3350.915 GC heap before
{Heap before GC invocations=347 (full 14):
 PSYoungGen      total 4608K, used 4496K [0x00000000d5580000, 0x00000000d5b00000, 0x0000000100000000)
  eden space 4096K, 100% used [0x00000000d5580000,0x00000000d5980000,0x00000000d5980000)
  from space 512K, 78% used [0x00000000d5a80000,0x00000000d5ae4010,0x00000000d5b00000)
  to   space 512K, 0% used [0x00000000d5a00000,0x00000000d5a00000,0x00000000d5a80000)
 ParOldGen       total 227328K, used 172840K [0x0000000080000000, 0x000000008de00000, 0x00000000d5580000)
  object space 227328K, 76% used [0x0000000080000000,0x000000008a8ca278,0x000000008de00000)
 Metaspace       used 81215K, committed 82752K, reserved 1179648K
  class space    used 8075K, committed 8832K, reserved 1048576K
}
Event: 3350.917 GC heap after
{Heap after GC invocations=347 (full 14):
 PSYoungGen      total 4608K, used 484K [0x00000000d5580000, 0x00000000d5b80000, 0x0000000100000000)
  eden space 4096K, 0% used [0x00000000d5580000,0x00000000d5580000,0x00000000d5980000)
  from space 512K, 94% used [0x00000000d5a00000,0x00000000d5a79210,0x00000000d5a80000)
  to   space 1024K, 0% used [0x00000000d5a80000,0x00000000d5a80000,0x00000000d5b80000)
 ParOldGen       total 227328K, used 173168K [0x0000000080000000, 0x000000008de00000, 0x00000000d5580000)
  object space 227328K, 76% used [0x0000000080000000,0x000000008a91c2a8,0x000000008de00000)
 Metaspace       used 81215K, committed 82752K, reserved 1179648K
  class space    used 8075K, committed 8832K, reserved 1048576K
}
Event: 3350.933 GC heap before
{Heap before GC invocations=348 (full 14):
 PSYoungGen      total 4608K, used 4580K [0x00000000d5580000, 0x00000000d5b80000, 0x0000000100000000)
  eden space 4096K, 100% used [0x00000000d5580000,0x00000000d5980000,0x00000000d5980000)
  from space 512K, 94% used [0x00000000d5a00000,0x00000000d5a79210,0x00000000d5a80000)
  to   space 1024K, 0% used [0x00000000d5a80000,0x00000000d5a80000,0x00000000d5b80000)
 ParOldGen       total 227328K, used 173168K [0x0000000080000000, 0x000000008de00000, 0x00000000d5580000)
  object space 227328K, 76% used [0x0000000080000000,0x000000008a91c2a8,0x000000008de00000)
 Metaspace       used 81218K, committed 82752K, reserved 1179648K
  class space    used 8075K, committed 8832K, reserved 1048576K
}
Event: 3350.935 GC heap after
{Heap after GC invocations=348 (full 14):
 PSYoungGen      total 5120K, used 448K [0x00000000d5580000, 0x00000000d5b80000, 0x0000000100000000)
  eden space 4096K, 0% used [0x00000000d5580000,0x00000000d5580000,0x00000000d5980000)
  from space 1024K, 43% used [0x00000000d5a80000,0x00000000d5af0000,0x00000000d5b80000)
  to   space 1024K, 0% used [0x00000000d5980000,0x00000000d5980000,0x00000000d5a80000)
 ParOldGen       total 227328K, used 173645K [0x0000000080000000, 0x000000008de00000, 0x00000000d5580000)
  object space 227328K, 76% used [0x0000000080000000,0x000000008a9934d8,0x000000008de00000)
 Metaspace       used 81218K, committed 82752K, reserved 1179648K
  class space    used 8075K, committed 8832K, reserved 1048576K
}
Event: 3351.301 GC heap before
{Heap before GC invocations=349 (full 14):
 PSYoungGen      total 5120K, used 4544K [0x00000000d5580000, 0x00000000d5b80000, 0x0000000100000000)
  eden space 4096K, 100% used [0x00000000d5580000,0x00000000d5980000,0x00000000d5980000)
  from space 1024K, 43% used [0x00000000d5a80000,0x00000000d5af0000,0x00000000d5b80000)
  to   space 1024K, 0% used [0x00000000d5980000,0x00000000d5980000,0x00000000d5a80000)
 ParOldGen       total 227328K, used 173645K [0x0000000080000000, 0x000000008de00000, 0x00000000d5580000)
  object space 227328K, 76% used [0x0000000080000000,0x000000008a9934d8,0x000000008de00000)
 Metaspace       used 81239K, committed 82816K, reserved 1179648K
  class space    used 8075K, committed 8832K, reserved 1048576K
}
Event: 3351.302 GC heap after
{Heap after GC invocations=349 (full 14):
 PSYoungGen      total 5120K, used 612K [0x00000000d5580000, 0x00000000d5b80000, 0x0000000100000000)
  eden space 4096K, 0% used [0x00000000d5580000,0x00000000d5580000,0x00000000d5980000)
  from space 1024K, 59% used [0x00000000d5980000,0x00000000d5a19210,0x00000000d5a80000)
  to   space 1024K, 0% used [0x00000000d5a80000,0x00000000d5a80000,0x00000000d5b80000)
 ParOldGen       total 227328K, used 173973K [0x0000000080000000, 0x000000008de00000, 0x00000000d5580000)
  object space 227328K, 76% used [0x0000000080000000,0x000000008a9e54f8,0x000000008de00000)
 Metaspace       used 81239K, committed 82816K, reserved 1179648K
  class space    used 8075K, committed 8832K, reserved 1048576K
}
Event: 3351.315 GC heap before
{Heap before GC invocations=350 (full 14):
 PSYoungGen      total 5120K, used 4708K [0x00000000d5580000, 0x00000000d5b80000, 0x0000000100000000)
  eden space 4096K, 100% used [0x00000000d5580000,0x00000000d5980000,0x00000000d5980000)
  from space 1024K, 59% used [0x00000000d5980000,0x00000000d5a19210,0x00000000d5a80000)
  to   space 1024K, 0% used [0x00000000d5a80000,0x00000000d5a80000,0x00000000d5b80000)
 ParOldGen       total 227328K, used 173973K [0x0000000080000000, 0x000000008de00000, 0x00000000d5580000)
  object space 227328K, 76% used [0x0000000080000000,0x000000008a9e54f8,0x000000008de00000)
 Metaspace       used 81240K, committed 82816K, reserved 1179648K
  class space    used 8075K, committed 8832K, reserved 1048576K
}
Event: 3351.316 GC heap after
{Heap after GC invocations=350 (full 14):
 PSYoungGen      total 5120K, used 576K [0x00000000d5580000, 0x00000000d5b80000, 0x0000000100000000)
  eden space 4096K, 0% used [0x00000000d5580000,0x00000000d5580000,0x00000000d5980000)
  from space 1024K, 56% used [0x00000000d5a80000,0x00000000d5b10000,0x00000000d5b80000)
  to   space 1024K, 0% used [0x00000000d5980000,0x00000000d5980000,0x00000000d5a80000)
 ParOldGen       total 227328K, used 174489K [0x0000000080000000, 0x000000008de00000, 0x00000000d5580000)
  object space 227328K, 76% used [0x0000000080000000,0x000000008aa66728,0x000000008de00000)
 Metaspace       used 81240K, committed 82816K, reserved 1179648K
  class space    used 8075K, committed 8832K, reserved 1048576K
}
Event: 3351.338 GC heap before
{Heap before GC invocations=351 (full 14):
 PSYoungGen      total 5120K, used 4671K [0x00000000d5580000, 0x00000000d5b80000, 0x0000000100000000)
  eden space 4096K, 99% used [0x00000000d5580000,0x00000000d597ffc0,0x00000000d5980000)
  from space 1024K, 56% used [0x00000000d5a80000,0x00000000d5b10000,0x00000000d5b80000)
  to   space 1024K, 0% used [0x00000000d5980000,0x00000000d5980000,0x00000000d5a80000)
 ParOldGen       total 227328K, used 174489K [0x0000000080000000, 0x000000008de00000, 0x00000000d5580000)
  object space 227328K, 76% used [0x0000000080000000,0x000000008aa66728,0x000000008de00000)
 Metaspace       used 81240K, committed 82816K, reserved 1179648K
  class space    used 8075K, committed 8832K, reserved 1048576K
}
Event: 3351.339 GC heap after
{Heap after GC invocations=351 (full 14):
 PSYoungGen      total 5120K, used 560K [0x00000000d5580000, 0x00000000d5b80000, 0x0000000100000000)
  eden space 4096K, 0% used [0x00000000d5580000,0x00000000d5580000,0x00000000d5980000)
  from space 1024K, 54% used [0x00000000d5980000,0x00000000d5a0c010,0x00000000d5a80000)
  to   space 1024K, 0% used [0x00000000d5a80000,0x00000000d5a80000,0x00000000d5b80000)
 ParOldGen       total 227328K, used 174905K [0x0000000080000000, 0x000000008de00000, 0x00000000d5580000)
  object space 227328K, 76% used [0x0000000080000000,0x000000008aace748,0x000000008de00000)
 Metaspace       used 81240K, committed 82816K, reserved 1179648K
  class space    used 8075K, committed 8832K, reserved 1048576K
}
Event: 3351.354 GC heap before
{Heap before GC invocations=352 (full 14):
 PSYoungGen      total 5120K, used 4656K [0x00000000d5580000, 0x00000000d5b80000, 0x0000000100000000)
  eden space 4096K, 100% used [0x00000000d5580000,0x00000000d5980000,0x00000000d5980000)
  from space 1024K, 54% used [0x00000000d5980000,0x00000000d5a0c010,0x00000000d5a80000)
  to   space 1024K, 0% used [0x00000000d5a80000,0x00000000d5a80000,0x00000000d5b80000)
 ParOldGen       total 227328K, used 174905K [0x0000000080000000, 0x000000008de00000, 0x00000000d5580000)
  object space 227328K, 76% used [0x0000000080000000,0x000000008aace748,0x000000008de00000)
 Metaspace       used 81242K, committed 82816K, reserved 1179648K
  class space    used 8075K, committed 8832K, reserved 1048576K
}
Event: 3351.356 GC heap after
{Heap after GC invocations=352 (full 14):
 PSYoungGen      total 5120K, used 858K [0x00000000d5580000, 0x00000000d5b80000, 0x0000000100000000)
  eden space 4096K, 0% used [0x00000000d5580000,0x00000000d5580000,0x00000000d5980000)
  from space 1024K, 83% used [0x00000000d5a80000,0x00000000d5b56900,0x00000000d5b80000)
  to   space 1024K, 0% used [0x00000000d5980000,0x00000000d5980000,0x00000000d5a80000)
 ParOldGen       total 227328K, used 175281K [0x0000000080000000, 0x000000008de00000, 0x00000000d5580000)
  object space 227328K, 77% used [0x0000000080000000,0x000000008ab2c788,0x000000008de00000)
 Metaspace       used 81242K, committed 82816K, reserved 1179648K
  class space    used 8075K, committed 8832K, reserved 1048576K
}
Event: 3351.376 GC heap before
{Heap before GC invocations=353 (full 14):
 PSYoungGen      total 5120K, used 4954K [0x00000000d5580000, 0x00000000d5b80000, 0x0000000100000000)
  eden space 4096K, 100% used [0x00000000d5580000,0x00000000d5980000,0x00000000d5980000)
  from space 1024K, 83% used [0x00000000d5a80000,0x00000000d5b56900,0x00000000d5b80000)
  to   space 1024K, 0% used [0x00000000d5980000,0x00000000d5980000,0x00000000d5a80000)
 ParOldGen       total 227328K, used 175281K [0x0000000080000000, 0x000000008de00000, 0x00000000d5580000)
  object space 227328K, 77% used [0x0000000080000000,0x000000008ab2c788,0x000000008de00000)
 Metaspace       used 81242K, committed 82816K, reserved 1179648K
  class space    used 8075K, committed 8832K, reserved 1048576K
}
Event: 3351.377 GC heap after
{Heap after GC invocations=353 (full 14):
 PSYoungGen      total 5120K, used 496K [0x00000000d5580000, 0x00000000d5b80000, 0x0000000100000000)
  eden space 4096K, 0% used [0x00000000d5580000,0x00000000d5580000,0x00000000d5980000)
  from space 1024K, 48% used [0x00000000d5980000,0x00000000d59fc010,0x00000000d5a80000)
  to   space 1024K, 0% used [0x00000000d5a80000,0x00000000d5a80000,0x00000000d5b80000)
 ParOldGen       total 227328K, used 175926K [0x0000000080000000, 0x000000008de00000, 0x00000000d5580000)
  object space 227328K, 77% used [0x0000000080000000,0x000000008abcd9b8,0x000000008de00000)
 Metaspace       used 81242K, committed 82816K, reserved 1179648K
  class space    used 8075K, committed 8832K, reserved 1048576K
}
Event: 3351.938 GC heap before
{Heap before GC invocations=354 (full 14):
 PSYoungGen      total 5120K, used 4592K [0x00000000d5580000, 0x00000000d5b80000, 0x0000000100000000)
  eden space 4096K, 100% used [0x00000000d5580000,0x00000000d5980000,0x00000000d5980000)
  from space 1024K, 48% used [0x00000000d5980000,0x00000000d59fc010,0x00000000d5a80000)
  to   space 1024K, 0% used [0x00000000d5a80000,0x00000000d5a80000,0x00000000d5b80000)
 ParOldGen       total 227328K, used 175926K [0x0000000080000000, 0x000000008de00000, 0x00000000d5580000)
  object space 227328K, 77% used [0x0000000080000000,0x000000008abcd9b8,0x000000008de00000)
 Metaspace       used 81378K, committed 82880K, reserved 1179648K
  class space    used 8101K, committed 8832K, reserved 1048576K
}
Event: 3351.939 GC heap after
{Heap after GC invocations=354 (full 14):
 PSYoungGen      total 5120K, used 608K [0x00000000d5580000, 0x00000000d5b80000, 0x0000000100000000)
  eden space 4096K, 0% used [0x00000000d5580000,0x00000000d5580000,0x00000000d5980000)
  from space 1024K, 59% used [0x00000000d5a80000,0x00000000d5b18020,0x00000000d5b80000)
  to   space 1024K, 0% used [0x00000000d5980000,0x00000000d5980000,0x00000000d5a80000)
 ParOldGen       total 227328K, used 176302K [0x0000000080000000, 0x000000008de00000, 0x00000000d5580000)
  object space 227328K, 77% used [0x0000000080000000,0x000000008ac2b9d8,0x000000008de00000)
 Metaspace       used 81378K, committed 82880K, reserved 1179648K
  class space    used 8101K, committed 8832K, reserved 1048576K
}
Event: 3352.246 GC heap before
{Heap before GC invocations=355 (full 14):
 PSYoungGen      total 5120K, used 4695K [0x00000000d5580000, 0x00000000d5b80000, 0x0000000100000000)
  eden space 4096K, 99% used [0x00000000d5580000,0x00000000d597dbf8,0x00000000d5980000)
  from space 1024K, 59% used [0x00000000d5a80000,0x00000000d5b18020,0x00000000d5b80000)
  to   space 1024K, 0% used [0x00000000d5980000,0x00000000d5980000,0x00000000d5a80000)
 ParOldGen       total 227328K, used 176302K [0x0000000080000000, 0x000000008de00000, 0x00000000d5580000)
  object space 227328K, 77% used [0x0000000080000000,0x000000008ac2b9d8,0x000000008de00000)
 Metaspace       used 81527K, committed 83008K, reserved 1179648K
  class space    used 8120K, committed 8832K, reserved 1048576K
}
Event: 3352.247 GC heap after
{Heap after GC invocations=355 (full 14):
 PSYoungGen      total 5120K, used 1016K [0x00000000d5580000, 0x00000000d5d80000, 0x0000000100000000)
  eden space 4096K, 0% used [0x00000000d5580000,0x00000000d5580000,0x00000000d5980000)
  from space 1024K, 99% used [0x00000000d5980000,0x00000000d5a7e340,0x00000000d5a80000)
  to   space 2048K, 0% used [0x00000000d5b80000,0x00000000d5b80000,0x00000000d5d80000)
 ParOldGen       total 227328K, used 176804K [0x0000000080000000, 0x000000008de00000, 0x00000000d5580000)
  object space 227328K, 77% used [0x0000000080000000,0x000000008aca9130,0x000000008de00000)
 Metaspace       used 81527K, committed 83008K, reserved 1179648K
  class space    used 8120K, committed 8832K, reserved 1048576K
}
Event: 3352.326 GC heap before
{Heap before GC invocations=356 (full 14):
 PSYoungGen      total 5120K, used 5112K [0x00000000d5580000, 0x00000000d5d80000, 0x0000000100000000)
  eden space 4096K, 100% used [0x00000000d5580000,0x00000000d5980000,0x00000000d5980000)
  from space 1024K, 99% used [0x00000000d5980000,0x00000000d5a7e340,0x00000000d5a80000)
  to   space 2048K, 0% used [0x00000000d5b80000,0x00000000d5b80000,0x00000000d5d80000)
 ParOldGen       total 227328K, used 176804K [0x0000000080000000, 0x000000008de00000, 0x00000000d5580000)
  object space 227328K, 77% used [0x0000000080000000,0x000000008aca9130,0x000000008de00000)
 Metaspace       used 81527K, committed 83008K, reserved 1179648K
  class space    used 8120K, committed 8832K, reserved 1048576K
}
Event: 3352.329 GC heap after
{Heap after GC invocations=356 (full 14):
 PSYoungGen      total 6144K, used 2040K [0x00000000d5580000, 0x00000000d5d80000, 0x0000000100000000)
  eden space 4096K, 0% used [0x00000000d5580000,0x00000000d5580000,0x00000000d5980000)
  from space 2048K, 99% used [0x00000000d5b80000,0x00000000d5d7e3a0,0x00000000d5d80000)
  to   space 1024K, 0% used [0x00000000d5980000,0x00000000d5980000,0x00000000d5a80000)
 ParOldGen       total 227328K, used 179104K [0x0000000080000000, 0x000000008de00000, 0x00000000d5580000)
  object space 227328K, 78% used [0x0000000080000000,0x000000008aee8298,0x000000008de00000)
 Metaspace       used 81527K, committed 83008K, reserved 1179648K
  class space    used 8120K, committed 8832K, reserved 1048576K
}

